0 info it worked if it ends with ok
1 verbose cli [ 'C:\\Program Files\\nodejs\\node.exe',
1 verbose cli   'C:\\Program Files\\nodejs\\node_modules\\npm\\bin\\npm-cli.js',
1 verbose cli   'publish',
1 verbose cli   '--force' ]
2 info using npm@3.10.10
3 info using node@v6.10.1
4 warn using --force I sure hope you know what you are doing.
5 verbose publish [ '.' ]
6 silly cache add args [ '.', null ]
7 verbose cache add spec .
8 silly cache add parsed spec Result {
8 silly cache add   raw: '.',
8 silly cache add   scope: null,
8 silly cache add   escapedName: null,
8 silly cache add   name: null,
8 silly cache add   rawSpec: '.',
8 silly cache add   spec: 'C:\\workspace\\send-mail-kz',
8 silly cache add   type: 'directory' }
9 verbose addLocalDirectory C:\Users\Bruin's\AppData\Roaming\npm-cache\send-mail-kz\0.1.2\package.tgz not in flight; packing
10 verbose correctMkdir C:\Users\Bruin's\AppData\Roaming\npm-cache correctMkdir not in flight; initializing
11 info lifecycle send-mail-kz@0.1.2~prepublish: send-mail-kz@0.1.2
12 silly lifecycle send-mail-kz@0.1.2~prepublish: no script for prepublish, continuing
13 verbose tar pack [ 'C:\\Users\\Bruin\'s\\AppData\\Roaming\\npm-cache\\send-mail-kz\\0.1.2\\package.tgz',
13 verbose tar pack   'C:\\workspace\\send-mail-kz' ]
14 verbose tarball C:\Users\Bruin's\AppData\Roaming\npm-cache\send-mail-kz\0.1.2\package.tgz
15 verbose folder C:\workspace\send-mail-kz
16 verbose addLocalTarball adding from inside cache C:\Users\Bruin's\AppData\Roaming\npm-cache\send-mail-kz\0.1.2\package.tgz
17 verbose correctMkdir C:\Users\Bruin's\AppData\Roaming\npm-cache correctMkdir not in flight; initializing
18 silly cache afterAdd send-mail-kz@0.1.2
19 verbose afterAdd C:\Users\Bruin's\AppData\Roaming\npm-cache\send-mail-kz\0.1.2\package\package.json not in flight; writing
20 verbose correctMkdir C:\Users\Bruin's\AppData\Roaming\npm-cache correctMkdir not in flight; initializing
21 verbose afterAdd C:\Users\Bruin's\AppData\Roaming\npm-cache\send-mail-kz\0.1.2\package\package.json written
22 silly publish { dependencies:
22 silly publish    { mocha: '^3.2.0',
22 silly publish      sinon: '^2.1.0',
22 silly publish      'mailgun-js': '^0.10.1',
22 silly publish      sendgrid: '^5.0.0' },
22 silly publish   description: 'A mail sending service using sendgrid and mailgun',
22 silly publish   devDependencies: {},
22 silly publish   license: 'ISC',
22 silly publish   main: 'index.js',
22 silly publish   name: 'send-mail-kz',
22 silly publish   optionalDependencies: {},
22 silly publish   readme: 'ERROR: No README data found!',
22 silly publish   scripts: { test: 'mocha' },
22 silly publish   version: '0.1.2',
22 silly publish   _id: 'send-mail-kz@0.1.2',
22 silly publish   _shasum: '99ff5229a718f917319080070a79491300bb8701',
22 silly publish   _from: '.' }
23 verbose getPublishConfig undefined
24 silly mapToRegistry name send-mail-kz
25 silly mapToRegistry using default registry
26 silly mapToRegistry registry https://registry.npmjs.org/
27 silly mapToRegistry data Result {
27 silly mapToRegistry   raw: 'send-mail-kz',
27 silly mapToRegistry   scope: null,
27 silly mapToRegistry   escapedName: 'send-mail-kz',
27 silly mapToRegistry   name: 'send-mail-kz',
27 silly mapToRegistry   rawSpec: '',
27 silly mapToRegistry   spec: 'latest',
27 silly mapToRegistry   type: 'tag' }
28 silly mapToRegistry uri https://registry.npmjs.org/send-mail-kz
29 verbose publish registryBase https://registry.npmjs.org/
30 silly publish uploading C:\Users\Bruin's\AppData\Roaming\npm-cache\send-mail-kz\0.1.2\package.tgz
31 verbose request uri https://registry.npmjs.org/send-mail-kz
32 verbose request sending authorization for write operation
33 info attempt registry request try #1 at 22:11:45
34 verbose request using bearer token for auth
35 verbose request id 4f26824073148186
36 http request PUT https://registry.npmjs.org/send-mail-kz
37 http 403 https://registry.npmjs.org/send-mail-kz
38 verbose headers { 'content-type': 'application/json',
38 verbose headers   'cache-control': 'max-age=300',
38 verbose headers   'content-length': '95',
38 verbose headers   'accept-ranges': 'bytes',
38 verbose headers   date: 'Sun, 23 Apr 2017 14:11:39 GMT',
38 verbose headers   via: '1.1 varnish',
38 verbose headers   connection: 'keep-alive',
38 verbose headers   'x-served-by': 'cache-hkg6822-HKG',
38 verbose headers   'x-cache': 'MISS',
38 verbose headers   'x-cache-hits': '0',
38 verbose headers   'x-timer': 'S1492956699.829858,VS0,VE822',
38 verbose headers   vary: 'Accept-Encoding' }
39 verbose request invalidating C:\Users\Bruin's\AppData\Roaming\npm-cache\registry.npmjs.org\send-mail-kz on PUT
40 error publish Failed PUT 403
41 verbose stack Error: "You cannot publish over the previously published version 0.1.2." : send-mail-kz
41 verbose stack     at makeError (C:\Program Files\nodejs\node_modules\npm\node_modules\npm-registry-client\lib\request.js:302:12)
41 verbose stack     at CachingRegistryClient.<anonymous> (C:\Program Files\nodejs\node_modules\npm\node_modules\npm-registry-client\lib\request.js:290:14)
41 verbose stack     at Request._callback (C:\Program Files\nodejs\node_modules\npm\node_modules\npm-registry-client\lib\request.js:210:14)
41 verbose stack     at Request.self.callback (C:\Program Files\nodejs\node_modules\npm\node_modules\request\request.js:187:22)
41 verbose stack     at emitTwo (events.js:106:13)
41 verbose stack     at Request.emit (events.js:191:7)
41 verbose stack     at Request.<anonymous> (C:\Program Files\nodejs\node_modules\npm\node_modules\request\request.js:1048:10)
41 verbose stack     at emitOne (events.js:96:13)
41 verbose stack     at Request.emit (events.js:188:7)
41 verbose stack     at IncomingMessage.<anonymous> (C:\Program Files\nodejs\node_modules\npm\node_modules\request\request.js:969:12)
42 verbose statusCode 403
43 verbose pkgid send-mail-kz
44 verbose cwd C:\workspace\send-mail-kz
45 error Windows_NT 10.0.14393
46 error argv "C:\\Program Files\\nodejs\\node.exe" "C:\\Program Files\\nodejs\\node_modules\\npm\\bin\\npm-cli.js" "publish" "--force"
47 error node v6.10.1
48 error npm  v3.10.10
49 error code E403
50 error "You cannot publish over the previously published version 0.1.2." : send-mail-kz
51 error If you need help, you may report this error at:
51 error     <https://github.com/npm/npm/issues>
52 verbose exit [ 1, true ]
